writeCommonTags: couldn't write 'year' tag to 'Aerials.wav' as it's not a positive integer
writeCommonTags: couldn't write 'track' tag to 'Aerials.wav' as it's not a positive integer
writeCommonTags: couldn't write 'year' tag to 'Chop_Suey.wav' as it's not a positive integer
writeCommonTags: couldn't write 'track' tag to 'Chop_Suey.wav' as it's not a positive integer
writeCommonTags: couldn't write 'year' tag to 'Hallowed Be Thy Name (2015 Remaster).wav' as it's not a positive integer
writeCommonTags: couldn't write 'track' tag to 'Hallowed Be Thy Name (2015 Remaster).wav' as it's not a positive integer
writeCommonTags: couldn't write 'year' tag to 'Iron Maiden - Phantom Of The Opera.wav' as it's not a positive integer
writeCommonTags: couldn't write 'track' tag to 'Iron Maiden - Phantom Of The Opera.wav' as it's not a positive integer
writeCommonTags: couldn't write 'year' tag to 'Metallica - Fade To Black.wav' as it's not a positive integer
writeCommonTags: couldn't write 'track' tag to 'Metallica - Fade To Black.wav' as it's not a positive integer
writeCommonTags: couldn't write 'year' tag to 'Nirvana - Heart Shaped Box.wav' as it's not a positive integer
writeCommonTags: couldn't write 'track' tag to 'Nirvana - Heart Shaped Box.wav' as it's not a positive integer
writeCommonTags: couldn't write 'year' tag to 'Nirvana - Smells Like Teen Spirit.wav' as it's not a positive integer
writeCommonTags: couldn't write 'track' tag to 'Nirvana - Smells Like Teen Spirit.wav' as it's not a positive integer
writeCommonTags: couldn't write 'year' tag to 'Nirvana-Lake Of Fire.wav' as it's not a positive integer
writeCommonTags: couldn't write 'track' tag to 'Nirvana-Lake Of Fire.wav' as it's not a positive integer
writeCommonTags: couldn't write 'year' tag to 'Nothing Else Matters.wav' as it's not a positive integer
writeCommonTags: couldn't write 'track' tag to 'Nothing Else Matters.wav' as it's not a positive integer
writeCommonTags: couldn't write 'year' tag to 'The Man Who Sold The World - Nirvana.wav' as it's not a positive integer
writeCommonTags: couldn't write 'track' tag to 'The Man Who Sold The World - Nirvana.wav' as it's not a positive integer
writeCommonTags: couldn't write 'year' tag to 'The Unforgiven.wav' as it's not a positive integer
writeCommonTags: couldn't write 'track' tag to 'The Unforgiven.wav' as it's not a positive integer
writeCommonTags: couldn't write 'year' tag to 'toxicity.wav' as it's not a positive integer
writeCommonTags: couldn't write 'track' tag to 'toxicity.wav' as it's not a positive integer
writeCommonTags: couldn't write 'year' tag to 'Aerials.wav' as it's not a positive integer
writeCommonTags: couldn't write 'track' tag to 'Aerials.wav' as it's not a positive integer
writeCommonTags: couldn't write 'year' tag to 'Chop_Suey.wav' as it's not a positive integer
writeCommonTags: couldn't write 'track' tag to 'Chop_Suey.wav' as it's not a positive integer
writeCommonTags: couldn't write 'year' tag to 'Hallowed Be Thy Name (2015 Remaster).wav' as it's not a positive integer
writeCommonTags: couldn't write 'track' tag to 'Hallowed Be Thy Name (2015 Remaster).wav' as it's not a positive integer
writeCommonTags: couldn't write 'year' tag to 'Iron Maiden - Phantom Of The Opera.wav' as it's not a positive integer
writeCommonTags: couldn't write 'track' tag to 'Iron Maiden - Phantom Of The Opera.wav' as it's not a positive integer
writeCommonTags: couldn't write 'year' tag to 'Metallica - Fade To Black.wav' as it's not a positive integer
writeCommonTags: couldn't write 'track' tag to 'Metallica - Fade To Black.wav' as it's not a positive integer
writeCommonTags: couldn't write 'year' tag to 'Nirvana - Heart Shaped Box.wav' as it's not a positive integer
writeCommonTags: couldn't write 'track' tag to 'Nirvana - Heart Shaped Box.wav' as it's not a positive integer
writeCommonTags: couldn't write 'year' tag to 'Nirvana - Smells Like Teen Spirit.wav' as it's not a positive integer
writeCommonTags: couldn't write 'track' tag to 'Nirvana - Smells Like Teen Spirit.wav' as it's not a positive integer
writeCommonTags: couldn't write 'year' tag to 'Nirvana-Lake Of Fire.wav' as it's not a positive integer
writeCommonTags: couldn't write 'track' tag to 'Nirvana-Lake Of Fire.wav' as it's not a positive integer
writeCommonTags: couldn't write 'year' tag to 'Nothing Else Matters.wav' as it's not a positive integer
writeCommonTags: couldn't write 'track' tag to 'Nothing Else Matters.wav' as it's not a positive integer
writeCommonTags: couldn't write 'year' tag to 'The Man Who Sold The World - Nirvana.wav' as it's not a positive integer
writeCommonTags: couldn't write 'track' tag to 'The Man Who Sold The World - Nirvana.wav' as it's not a positive integer
writeCommonTags: couldn't write 'year' tag to 'The Unforgiven.wav' as it's not a positive integer
writeCommonTags: couldn't write 'track' tag to 'The Unforgiven.wav' as it's not a positive integer
writeCommonTags: couldn't write 'year' tag to 'Toxicity.wav' as it's not a positive integer
writeCommonTags: couldn't write 'track' tag to 'Toxicity.wav' as it's not a positive integer
writeCommonTags: couldn't write 'year' tag to 'Aerials.wav' as it's not a positive integer
writeCommonTags: couldn't write 'track' tag to 'Aerials.wav' as it's not a positive integer
writeCommonTags: couldn't write 'year' tag to 'Chop_Suey.wav' as it's not a positive integer
writeCommonTags: couldn't write 'track' tag to 'Chop_Suey.wav' as it's not a positive integer
writeCommonTags: couldn't write 'year' tag to 'Hallowed Be Thy Name (2015 Remaster).wav' as it's not a positive integer
writeCommonTags: couldn't write 'track' tag to 'Hallowed Be Thy Name (2015 Remaster).wav' as it's not a positive integer
writeCommonTags: couldn't write 'year' tag to 'Iron Maiden - Phantom Of The Opera.wav' as it's not a positive integer
writeCommonTags: couldn't write 'track' tag to 'Iron Maiden - Phantom Of The Opera.wav' as it's not a positive integer
writeCommonTags: couldn't write 'year' tag to 'Metallica - Fade To Black.wav' as it's not a positive integer
writeCommonTags: couldn't write 'track' tag to 'Metallica - Fade To Black.wav' as it's not a positive integer
writeCommonTags: couldn't write 'year' tag to 'Nirvana - Heart Shaped Box.wav' as it's not a positive integer
writeCommonTags: couldn't write 'track' tag to 'Nirvana - Heart Shaped Box.wav' as it's not a positive integer
writeCommonTags: couldn't write 'year' tag to 'Nirvana - Smells Like Teen Spirit.wav' as it's not a positive integer
writeCommonTags: couldn't write 'track' tag to 'Nirvana - Smells Like Teen Spirit.wav' as it's not a positive integer
writeCommonTags: couldn't write 'year' tag to 'Nirvana-Lake Of Fire.wav' as it's not a positive integer
writeCommonTags: couldn't write 'track' tag to 'Nirvana-Lake Of Fire.wav' as it's not a positive integer
writeCommonTags: couldn't write 'year' tag to 'Nothing Else Matters.wav' as it's not a positive integer
writeCommonTags: couldn't write 'track' tag to 'Nothing Else Matters.wav' as it's not a positive integer
writeCommonTags: couldn't write 'year' tag to 'The Man Who Sold The World - Nirvana.wav' as it's not a positive integer
writeCommonTags: couldn't write 'track' tag to 'The Man Who Sold The World - Nirvana.wav' as it's not a positive integer
writeCommonTags: couldn't write 'year' tag to 'The Unforgiven.wav' as it's not a positive integer
writeCommonTags: couldn't write 'track' tag to 'The Unforgiven.wav' as it's not a positive integer
writeCommonTags: couldn't write 'year' tag to 'Toxicity.wav' as it's not a positive integer
writeCommonTags: couldn't write 'track' tag to 'Toxicity.wav' as it's not a positive integer
writeCommonTags: couldn't write 'year' tag to 'Aerials.wav' as it's not a positive integer
writeCommonTags: couldn't write 'track' tag to 'Aerials.wav' as it's not a positive integer
writeCommonTags: couldn't write 'year' tag to 'Chop_Suey.wav' as it's not a positive integer
writeCommonTags: couldn't write 'track' tag to 'Chop_Suey.wav' as it's not a positive integer
writeCommonTags: couldn't write 'year' tag to 'Hallowed Be Thy Name (2015 Remaster).wav' as it's not a positive integer
writeCommonTags: couldn't write 'track' tag to 'Hallowed Be Thy Name (2015 Remaster).wav' as it's not a positive integer
writeCommonTags: couldn't write 'year' tag to 'Iron Maiden - Phantom Of The Opera.wav' as it's not a positive integer
writeCommonTags: couldn't write 'track' tag to 'Iron Maiden - Phantom Of The Opera.wav' as it's not a positive integer
writeCommonTags: couldn't write 'year' tag to 'Metallica - Fade To Black.wav' as it's not a positive integer
writeCommonTags: couldn't write 'track' tag to 'Metallica - Fade To Black.wav' as it's not a positive integer
writeCommonTags: couldn't write 'year' tag to 'Nirvana - Heart Shaped Box.wav' as it's not a positive integer
writeCommonTags: couldn't write 'track' tag to 'Nirvana - Heart Shaped Box.wav' as it's not a positive integer
writeCommonTags: couldn't write 'year' tag to 'Nirvana - Smells Like Teen Spirit.wav' as it's not a positive integer
writeCommonTags: couldn't write 'track' tag to 'Nirvana - Smells Like Teen Spirit.wav' as it's not a positive integer
writeCommonTags: couldn't write 'year' tag to 'Nirvana-Lake Of Fire.wav' as it's not a positive integer
writeCommonTags: couldn't write 'track' tag to 'Nirvana-Lake Of Fire.wav' as it's not a positive integer
writeCommonTags: couldn't write 'year' tag to 'Nothing Else Matters.wav' as it's not a positive integer
writeCommonTags: couldn't write 'track' tag to 'Nothing Else Matters.wav' as it's not a positive integer
writeCommonTags: couldn't write 'year' tag to 'The Man Who Sold The World - Nirvana.wav' as it's not a positive integer
writeCommonTags: couldn't write 'track' tag to 'The Man Who Sold The World - Nirvana.wav' as it's not a positive integer
writeCommonTags: couldn't write 'year' tag to 'The Unforgiven.wav' as it's not a positive integer
writeCommonTags: couldn't write 'track' tag to 'The Unforgiven.wav' as it's not a positive integer
writeCommonTags: couldn't write 'year' tag to 'Toxicity.wav' as it's not a positive integer
writeCommonTags: couldn't write 'track' tag to 'Toxicity.wav' as it's not a positive integer
writeCommonTags: couldn't write 'year' tag to 'Aerials.wav' as it's not a positive integer
writeCommonTags: couldn't write 'track' tag to 'Aerials.wav' as it's not a positive integer
writeCommonTags: couldn't write 'year' tag to 'Chop_Suey.wav' as it's not a positive integer
writeCommonTags: couldn't write 'track' tag to 'Chop_Suey.wav' as it's not a positive integer
writeCommonTags: couldn't write 'year' tag to 'Hallowed Be Thy Name (2015 Remaster).wav' as it's not a positive integer
writeCommonTags: couldn't write 'track' tag to 'Hallowed Be Thy Name (2015 Remaster).wav' as it's not a positive integer
writeCommonTags: couldn't write 'year' tag to 'Iron Maiden - Phantom Of The Opera.wav' as it's not a positive integer
writeCommonTags: couldn't write 'track' tag to 'Iron Maiden - Phantom Of The Opera.wav' as it's not a positive integer
writeCommonTags: couldn't write 'year' tag to 'Metallica - Fade To Black.wav' as it's not a positive integer
writeCommonTags: couldn't write 'track' tag to 'Metallica - Fade To Black.wav' as it's not a positive integer
writeCommonTags: couldn't write 'year' tag to 'Nirvana - Heart Shaped Box.wav' as it's not a positive integer
writeCommonTags: couldn't write 'track' tag to 'Nirvana - Heart Shaped Box.wav' as it's not a positive integer
writeCommonTags: couldn't write 'year' tag to 'Nirvana - Smells Like Teen Spirit.wav' as it's not a positive integer
writeCommonTags: couldn't write 'track' tag to 'Nirvana - Smells Like Teen Spirit.wav' as it's not a positive integer
writeCommonTags: couldn't write 'year' tag to 'Nirvana-Lake Of Fire.wav' as it's not a positive integer
writeCommonTags: couldn't write 'track' tag to 'Nirvana-Lake Of Fire.wav' as it's not a positive integer
writeCommonTags: couldn't write 'year' tag to 'Nothing Else Matters.wav' as it's not a positive integer
writeCommonTags: couldn't write 'track' tag to 'Nothing Else Matters.wav' as it's not a positive integer
writeCommonTags: couldn't write 'year' tag to 'The Man Who Sold The World - Nirvana.wav' as it's not a positive integer
writeCommonTags: couldn't write 'track' tag to 'The Man Who Sold The World - Nirvana.wav' as it's not a positive integer
writeCommonTags: couldn't write 'year' tag to 'The Unforgiven.wav' as it's not a positive integer
writeCommonTags: couldn't write 'track' tag to 'The Unforgiven.wav' as it's not a positive integer
writeCommonTags: couldn't write 'year' tag to 'Toxicity.wav' as it's not a positive integer
writeCommonTags: couldn't write 'track' tag to 'Toxicity.wav' as it's not a positive integer
writeCommonTags: couldn't write 'year' tag to 'Aerials.wav' as it's not a positive integer
writeCommonTags: couldn't write 'track' tag to 'Aerials.wav' as it's not a positive integer
writeCommonTags: couldn't write 'year' tag to 'Chop_Suey.wav' as it's not a positive integer
writeCommonTags: couldn't write 'track' tag to 'Chop_Suey.wav' as it's not a positive integer
writeCommonTags: couldn't write 'year' tag to 'Hallowed Be Thy Name (2015 Remaster).wav' as it's not a positive integer
writeCommonTags: couldn't write 'track' tag to 'Hallowed Be Thy Name (2015 Remaster).wav' as it's not a positive integer
writeCommonTags: couldn't write 'year' tag to 'Iron Maiden - Phantom Of The Opera.wav' as it's not a positive integer
writeCommonTags: couldn't write 'track' tag to 'Iron Maiden - Phantom Of The Opera.wav' as it's not a positive integer
writeCommonTags: couldn't write 'year' tag to 'Metallica - Fade To Black.wav' as it's not a positive integer
writeCommonTags: couldn't write 'track' tag to 'Metallica - Fade To Black.wav' as it's not a positive integer
writeCommonTags: couldn't write 'year' tag to 'Nirvana - Heart Shaped Box.wav' as it's not a positive integer
writeCommonTags: couldn't write 'track' tag to 'Nirvana - Heart Shaped Box.wav' as it's not a positive integer
writeCommonTags: couldn't write 'year' tag to 'Nirvana - Smells Like Teen Spirit.wav' as it's not a positive integer
writeCommonTags: couldn't write 'track' tag to 'Nirvana - Smells Like Teen Spirit.wav' as it's not a positive integer
writeCommonTags: couldn't write 'year' tag to 'Nirvana-Lake Of Fire.wav' as it's not a positive integer
writeCommonTags: couldn't write 'track' tag to 'Nirvana-Lake Of Fire.wav' as it's not a positive integer
writeCommonTags: couldn't write 'year' tag to 'Nothing Else Matters.wav' as it's not a positive integer
writeCommonTags: couldn't write 'track' tag to 'Nothing Else Matters.wav' as it's not a positive integer
writeCommonTags: couldn't write 'year' tag to 'The Man Who Sold The World - Nirvana.wav' as it's not a positive integer
writeCommonTags: couldn't write 'track' tag to 'The Man Who Sold The World - Nirvana.wav' as it's not a positive integer
writeCommonTags: couldn't write 'year' tag to 'The Unforgiven.wav' as it's not a positive integer
writeCommonTags: couldn't write 'track' tag to 'The Unforgiven.wav' as it's not a positive integer
writeCommonTags: couldn't write 'year' tag to 'Toxicity.wav' as it's not a positive integer
writeCommonTags: couldn't write 'track' tag to 'Toxicity.wav' as it's not a positive integer
writeCommonTags: couldn't write 'year' tag to 'Aerials.wav' as it's not a positive integer
writeCommonTags: couldn't write 'track' tag to 'Aerials.wav' as it's not a positive integer
writeCommonTags: couldn't write 'year' tag to 'Chop_Suey.wav' as it's not a positive integer
writeCommonTags: couldn't write 'track' tag to 'Chop_Suey.wav' as it's not a positive integer
writeCommonTags: couldn't write 'year' tag to 'Hallowed Be Thy Name (2015 Remaster).wav' as it's not a positive integer
writeCommonTags: couldn't write 'track' tag to 'Hallowed Be Thy Name (2015 Remaster).wav' as it's not a positive integer
writeCommonTags: couldn't write 'year' tag to 'Iron Maiden - Phantom Of The Opera.wav' as it's not a positive integer
writeCommonTags: couldn't write 'track' tag to 'Iron Maiden - Phantom Of The Opera.wav' as it's not a positive integer
writeCommonTags: couldn't write 'year' tag to 'Metallica - Fade To Black.wav' as it's not a positive integer
writeCommonTags: couldn't write 'track' tag to 'Metallica - Fade To Black.wav' as it's not a positive integer
writeCommonTags: couldn't write 'year' tag to 'Nirvana - Heart Shaped Box.wav' as it's not a positive integer
writeCommonTags: couldn't write 'track' tag to 'Nirvana - Heart Shaped Box.wav' as it's not a positive integer
writeCommonTags: couldn't write 'year' tag to 'Nirvana - Smells Like Teen Spirit.wav' as it's not a positive integer
writeCommonTags: couldn't write 'track' tag to 'Nirvana - Smells Like Teen Spirit.wav' as it's not a positive integer
writeCommonTags: couldn't write 'year' tag to 'Nirvana-Lake Of Fire.wav' as it's not a positive integer
writeCommonTags: couldn't write 'track' tag to 'Nirvana-Lake Of Fire.wav' as it's not a positive integer
writeCommonTags: couldn't write 'year' tag to 'Nothing Else Matters.wav' as it's not a positive integer
writeCommonTags: couldn't write 'track' tag to 'Nothing Else Matters.wav' as it's not a positive integer
writeCommonTags: couldn't write 'year' tag to 'The Man Who Sold The World - Nirvana.wav' as it's not a positive integer
writeCommonTags: couldn't write 'track' tag to 'The Man Who Sold The World - Nirvana.wav' as it's not a positive integer
writeCommonTags: couldn't write 'year' tag to 'The Unforgiven.wav' as it's not a positive integer
writeCommonTags: couldn't write 'track' tag to 'The Unforgiven.wav' as it's not a positive integer
writeCommonTags: couldn't write 'year' tag to 'Toxicity.wav' as it's not a positive integer
writeCommonTags: couldn't write 'track' tag to 'Toxicity.wav' as it's not a positive integer
writeCommonTags: couldn't write 'year' tag to 'Aerials.wav' as it's not a positive integer
writeCommonTags: couldn't write 'track' tag to 'Aerials.wav' as it's not a positive integer
writeCommonTags: couldn't write 'year' tag to 'Chop_Suey.wav' as it's not a positive integer
writeCommonTags: couldn't write 'track' tag to 'Chop_Suey.wav' as it's not a positive integer
writeCommonTags: couldn't write 'year' tag to 'Hallowed Be Thy Name (2015 Remaster).wav' as it's not a positive integer
writeCommonTags: couldn't write 'track' tag to 'Hallowed Be Thy Name (2015 Remaster).wav' as it's not a positive integer
writeCommonTags: couldn't write 'year' tag to 'Iron Maiden - Phantom Of The Opera.wav' as it's not a positive integer
writeCommonTags: couldn't write 'track' tag to 'Iron Maiden - Phantom Of The Opera.wav' as it's not a positive integer
writeCommonTags: couldn't write 'year' tag to 'Metallica - Fade To Black.wav' as it's not a positive integer
writeCommonTags: couldn't write 'track' tag to 'Metallica - Fade To Black.wav' as it's not a positive integer
writeCommonTags: couldn't write 'year' tag to 'Nirvana - Heart Shaped Box.wav' as it's not a positive integer
writeCommonTags: couldn't write 'track' tag to 'Nirvana - Heart Shaped Box.wav' as it's not a positive integer
writeCommonTags: couldn't write 'year' tag to 'Nirvana - Smells Like Teen Spirit.wav' as it's not a positive integer
writeCommonTags: couldn't write 'track' tag to 'Nirvana - Smells Like Teen Spirit.wav' as it's not a positive integer
writeCommonTags: couldn't write 'year' tag to 'Nirvana-Lake Of Fire.wav' as it's not a positive integer
writeCommonTags: couldn't write 'track' tag to 'Nirvana-Lake Of Fire.wav' as it's not a positive integer
writeCommonTags: couldn't write 'year' tag to 'Nothing Else Matters.wav' as it's not a positive integer
writeCommonTags: couldn't write 'track' tag to 'Nothing Else Matters.wav' as it's not a positive integer
writeCommonTags: couldn't write 'year' tag to 'The Man Who Sold The World - Nirvana.wav' as it's not a positive integer
writeCommonTags: couldn't write 'track' tag to 'The Man Who Sold The World - Nirvana.wav' as it's not a positive integer
writeCommonTags: couldn't write 'year' tag to 'The Unforgiven.wav' as it's not a positive integer
writeCommonTags: couldn't write 'track' tag to 'The Unforgiven.wav' as it's not a positive integer
writeCommonTags: couldn't write 'year' tag to 'Toxicity.wav' as it's not a positive integer
writeCommonTags: couldn't write 'track' tag to 'Toxicity.wav' as it's not a positive integer
writeCommonTags: couldn't write 'year' tag to 'Aerials.wav' as it's not a positive integer
writeCommonTags: couldn't write 'year' tag to 'Chop Suey.wav' as it's not a positive integer
writeCommonTags: couldn't write 'year' tag to 'Fade To Black.wav' as it's not a positive integer
writeCommonTags: couldn't write 'year' tag to 'Hallowed Be Thy Name.wav' as it's not a positive integer
writeCommonTags: couldn't write 'year' tag to 'Heart Shaped Box.wav' as it's not a positive integer
writeCommonTags: couldn't write 'year' tag to 'Lake Of Fire.wav' as it's not a positive integer
writeCommonTags: couldn't write 'year' tag to 'Nothing Else Matters.wav' as it's not a positive integer
writeCommonTags: couldn't write 'year' tag to 'Phantom Of The Opera.wav' as it's not a positive integer
writeCommonTags: couldn't write 'year' tag to 'Smells Like Teen Spirit.wav' as it's not a positive integer
writeCommonTags: couldn't write 'year' tag to 'The Man Who Sold The World.wav' as it's not a positive integer
writeCommonTags: couldn't write 'year' tag to 'The Unforgiven.wav' as it's not a positive integer
writeCommonTags: couldn't write 'year' tag to 'Toxicity.wav' as it's not a positive integer
writeCommonTags: couldn't write 'year' tag to 'Aerials.wav' as it's not a positive integer
writeCommonTags: couldn't write 'year' tag to 'Chop Suey.wav' as it's not a positive integer
writeCommonTags: couldn't write 'year' tag to 'Fade To Black.wav' as it's not a positive integer
writeCommonTags: couldn't write 'year' tag to 'Hallowed Be Thy Name.wav' as it's not a positive integer
writeCommonTags: couldn't write 'year' tag to 'Heart Shaped Box.wav' as it's not a positive integer
writeCommonTags: couldn't write 'year' tag to 'Lake Of Fire.wav' as it's not a positive integer
writeCommonTags: couldn't write 'year' tag to 'Nothing Else Matters.wav' as it's not a positive integer
writeCommonTags: couldn't write 'year' tag to 'Phantom Of The Opera.wav' as it's not a positive integer
writeCommonTags: couldn't write 'year' tag to 'Smells Like Teen Spirit.wav' as it's not a positive integer
writeCommonTags: couldn't write 'year' tag to 'The Man Who Sold The World.wav' as it's not a positive integer
writeCommonTags: couldn't write 'year' tag to 'The Unforgiven.wav' as it's not a positive integer
writeCommonTags: couldn't write 'year' tag to 'Toxicity.wav' as it's not a positive integer
writeCommonTags: couldn't write 'year' tag to 'Aerials.wav' as it's not a positive integer
writeCommonTags: couldn't write 'year' tag to 'Chop Suey.wav' as it's not a positive integer
writeCommonTags: couldn't write 'year' tag to 'Fade To Black.wav' as it's not a positive integer
writeCommonTags: couldn't write 'year' tag to 'Hallowed Be Thy Name.wav' as it's not a positive integer
writeCommonTags: couldn't write 'year' tag to 'Heart Shaped Box.wav' as it's not a positive integer
writeCommonTags: couldn't write 'year' tag to 'Lake Of Fire.wav' as it's not a positive integer
writeCommonTags: couldn't write 'year' tag to 'Nothing Else Matters.wav' as it's not a positive integer
writeCommonTags: couldn't write 'year' tag to 'Phantom Of The Opera.wav' as it's not a positive integer
writeCommonTags: couldn't write 'year' tag to 'Smells Like Teen Spirit.wav' as it's not a positive integer
writeCommonTags: couldn't write 'year' tag to 'The Man Who Sold The World.wav' as it's not a positive integer
writeCommonTags: couldn't write 'year' tag to 'The Unforgiven.wav' as it's not a positive integer
writeCommonTags: couldn't write 'year' tag to 'Toxicity.wav' as it's not a positive integer
writeCommonTags: couldn't write 'year' tag to 'Aerials.wav' as it's not a positive integer
writeCommonTags: couldn't write 'year' tag to 'Chop Suey.wav' as it's not a positive integer
writeCommonTags: couldn't write 'year' tag to 'Fade To Black.wav' as it's not a positive integer
writeCommonTags: couldn't write 'year' tag to 'Hallowed Be Thy Name.wav' as it's not a positive integer
writeCommonTags: couldn't write 'year' tag to 'Heart Shaped Box.wav' as it's not a positive integer
writeCommonTags: couldn't write 'year' tag to 'Lake Of Fire.wav' as it's not a positive integer
writeCommonTags: couldn't write 'year' tag to 'Nothing Else Matters.wav' as it's not a positive integer
writeCommonTags: couldn't write 'year' tag to 'Phantom Of The Opera.wav' as it's not a positive integer
writeCommonTags: couldn't write 'year' tag to 'Smells Like Teen Spirit.wav' as it's not a positive integer
writeCommonTags: couldn't write 'year' tag to 'The Man Who Sold The World.wav' as it's not a positive integer
writeCommonTags: couldn't write 'year' tag to 'The Unforgiven.wav' as it's not a positive integer
writeCommonTags: couldn't write 'year' tag to 'Toxicity.wav' as it's not a positive integer
writeCommonTags: couldn't write 'year' tag to 'Aerials.wav' as it's not a positive integer
writeCommonTags: couldn't write 'year' tag to 'Chop Suey.wav' as it's not a positive integer
writeCommonTags: couldn't write 'year' tag to 'Fade To Black.wav' as it's not a positive integer
writeCommonTags: couldn't write 'year' tag to 'Hallowed Be Thy Name.wav' as it's not a positive integer
writeCommonTags: couldn't write 'year' tag to 'Heart Shaped Box.wav' as it's not a positive integer
writeCommonTags: couldn't write 'year' tag to 'Lake Of Fire.wav' as it's not a positive integer
writeCommonTags: couldn't write 'year' tag to 'Nothing Else Matters.wav' as it's not a positive integer
writeCommonTags: couldn't write 'year' tag to 'Phantom Of The Opera.wav' as it's not a positive integer
writeCommonTags: couldn't write 'year' tag to 'Smells Like Teen Spirit.wav' as it's not a positive integer
writeCommonTags: couldn't write 'year' tag to 'The Man Who Sold The World.wav' as it's not a positive integer
writeCommonTags: couldn't write 'year' tag to 'The Unforgiven.wav' as it's not a positive integer
writeCommonTags: couldn't write 'year' tag to 'Toxicity.wav' as it's not a positive integer
writeCommonTags: couldn't write 'year' tag to 'Aerials.wav' as it's not a positive integer
writeCommonTags: couldn't write 'year' tag to 'Chop Suey.wav' as it's not a positive integer
writeCommonTags: couldn't write 'track' tag to 'Chop Suey.wav' as it's not a positive integer
writeCommonTags: couldn't write 'year' tag to 'Fade To Black.wav' as it's not a positive integer
writeCommonTags: couldn't write 'track' tag to 'Fade To Black.wav' as it's not a positive integer
writeCommonTags: couldn't write 'year' tag to 'Hallowed Be Thy Name.wav' as it's not a positive integer
writeCommonTags: couldn't write 'track' tag to 'Hallowed Be Thy Name.wav' as it's not a positive integer
writeCommonTags: couldn't write 'year' tag to 'Heart Shaped Box.wav' as it's not a positive integer
writeCommonTags: couldn't write 'track' tag to 'Heart Shaped Box.wav' as it's not a positive integer
writeCommonTags: couldn't write 'year' tag to 'Lake Of Fire.wav' as it's not a positive integer
writeCommonTags: couldn't write 'track' tag to 'Lake Of Fire.wav' as it's not a positive integer
writeCommonTags: couldn't write 'year' tag to 'Nothing Else Matters.wav' as it's not a positive integer
writeCommonTags: couldn't write 'track' tag to 'Nothing Else Matters.wav' as it's not a positive integer
writeCommonTags: couldn't write 'year' tag to 'Phantom Of The Opera.wav' as it's not a positive integer
writeCommonTags: couldn't write 'track' tag to 'Phantom Of The Opera.wav' as it's not a positive integer
writeCommonTags: couldn't write 'year' tag to 'Smells Like Teen Spirit.wav' as it's not a positive integer
writeCommonTags: couldn't write 'track' tag to 'Smells Like Teen Spirit.wav' as it's not a positive integer
writeCommonTags: couldn't write 'year' tag to 'The Man Who Sold The World.wav' as it's not a positive integer
writeCommonTags: couldn't write 'track' tag to 'The Man Who Sold The World.wav' as it's not a positive integer
writeCommonTags: couldn't write 'year' tag to 'The Unforgiven.wav' as it's not a positive integer
writeCommonTags: couldn't write 'track' tag to 'The Unforgiven.wav' as it's not a positive integer
writeCommonTags: couldn't write 'year' tag to 'Toxicity.wav' as it's not a positive integer
writeCommonTags: couldn't write 'track' tag to 'Toxicity.wav' as it's not a positive integer
writeCommonTags: couldn't write 'year' tag to 'Aerials.wav' as it's not a positive integer
writeCommonTags: couldn't write 'track' tag to 'Aerials.wav' as it's not a positive integer
writeCommonTags: couldn't write 'year' tag to 'Chop Suey.wav' as it's not a positive integer
writeCommonTags: couldn't write 'track' tag to 'Chop Suey.wav' as it's not a positive integer
writeCommonTags: couldn't write 'year' tag to 'Fade To Black.wav' as it's not a positive integer
writeCommonTags: couldn't write 'track' tag to 'Fade To Black.wav' as it's not a positive integer
writeCommonTags: couldn't write 'year' tag to 'Hallowed Be Thy Name.wav' as it's not a positive integer
writeCommonTags: couldn't write 'track' tag to 'Hallowed Be Thy Name.wav' as it's not a positive integer
writeCommonTags: couldn't write 'year' tag to 'Heart Shaped Box.wav' as it's not a positive integer
writeCommonTags: couldn't write 'track' tag to 'Heart Shaped Box.wav' as it's not a positive integer
writeCommonTags: couldn't write 'year' tag to 'Lake Of Fire.wav' as it's not a positive integer
writeCommonTags: couldn't write 'track' tag to 'Lake Of Fire.wav' as it's not a positive integer
writeCommonTags: couldn't write 'year' tag to 'Nothing Else Matters.wav' as it's not a positive integer
writeCommonTags: couldn't write 'track' tag to 'Nothing Else Matters.wav' as it's not a positive integer
writeCommonTags: couldn't write 'year' tag to 'Phantom Of The Opera.wav' as it's not a positive integer
writeCommonTags: couldn't write 'track' tag to 'Phantom Of The Opera.wav' as it's not a positive integer
writeCommonTags: couldn't write 'year' tag to 'Smells Like Teen Spirit.wav' as it's not a positive integer
writeCommonTags: couldn't write 'track' tag to 'Smells Like Teen Spirit.wav' as it's not a positive integer
writeCommonTags: couldn't write 'year' tag to 'The Man Who Sold The World.wav' as it's not a positive integer
writeCommonTags: couldn't write 'track' tag to 'The Man Who Sold The World.wav' as it's not a positive integer
writeCommonTags: couldn't write 'year' tag to 'The Unforgiven.wav' as it's not a positive integer
writeCommonTags: couldn't write 'track' tag to 'The Unforgiven.wav' as it's not a positive integer
writeCommonTags: couldn't write 'year' tag to 'Toxicity.wav' as it's not a positive integer
writeCommonTags: couldn't write 'track' tag to 'Toxicity.wav' as it's not a positive integer
writeCommonTags: couldn't write 'year' tag to 'Aerials.wav' as it's not a positive integer
writeCommonTags: couldn't write 'track' tag to 'Aerials.wav' as it's not a positive integer
writeCommonTags: couldn't write 'year' tag to 'Chop Suey.wav' as it's not a positive integer
writeCommonTags: couldn't write 'track' tag to 'Chop Suey.wav' as it's not a positive integer
writeCommonTags: couldn't write 'year' tag to 'Fade To Black.wav' as it's not a positive integer
writeCommonTags: couldn't write 'track' tag to 'Fade To Black.wav' as it's not a positive integer
writeCommonTags: couldn't write 'year' tag to 'Hallowed Be Thy Name.wav' as it's not a positive integer
writeCommonTags: couldn't write 'track' tag to 'Hallowed Be Thy Name.wav' as it's not a positive integer
writeCommonTags: couldn't write 'year' tag to 'Heart Shaped Box.wav' as it's not a positive integer
writeCommonTags: couldn't write 'track' tag to 'Heart Shaped Box.wav' as it's not a positive integer
writeCommonTags: couldn't write 'year' tag to 'Lake Of Fire.wav' as it's not a positive integer
writeCommonTags: couldn't write 'track' tag to 'Lake Of Fire.wav' as it's not a positive integer
writeCommonTags: couldn't write 'year' tag to 'Nothing Else Matters.wav' as it's not a positive integer
writeCommonTags: couldn't write 'track' tag to 'Nothing Else Matters.wav' as it's not a positive integer
writeCommonTags: couldn't write 'year' tag to 'Phantom Of The Opera.wav' as it's not a positive integer
writeCommonTags: couldn't write 'track' tag to 'Phantom Of The Opera.wav' as it's not a positive integer
writeCommonTags: couldn't write 'year' tag to 'Smells Like Teen Spirit.wav' as it's not a positive integer
writeCommonTags: couldn't write 'track' tag to 'Smells Like Teen Spirit.wav' as it's not a positive integer
writeCommonTags: couldn't write 'year' tag to 'The Man Who Sold The World.wav' as it's not a positive integer
writeCommonTags: couldn't write 'track' tag to 'The Man Who Sold The World.wav' as it's not a positive integer
writeCommonTags: couldn't write 'year' tag to 'The Unforgiven.wav' as it's not a positive integer
writeCommonTags: couldn't write 'track' tag to 'The Unforgiven.wav' as it's not a positive integer
writeCommonTags: couldn't write 'year' tag to 'Toxicity.wav' as it's not a positive integer
writeCommonTags: couldn't write 'track' tag to 'Toxicity.wav' as it's not a positive integer
writeCommonTags: couldn't write 'year' tag to 'Aerials.wav' as it's not a positive integer
writeCommonTags: couldn't write 'year' tag to 'Chop Suey.wav' as it's not a positive integer
writeCommonTags: couldn't write 'year' tag to 'Fade To Black.wav' as it's not a positive integer
writeCommonTags: couldn't write 'year' tag to 'Hallowed Be Thy Name.wav' as it's not a positive integer
writeCommonTags: couldn't write 'year' tag to 'Heart Shaped Box.wav' as it's not a positive integer
writeCommonTags: couldn't write 'year' tag to 'Lake Of Fire.wav' as it's not a positive integer
writeCommonTags: couldn't write 'year' tag to 'Nothing Else Matters.wav' as it's not a positive integer
writeCommonTags: couldn't write 'year' tag to 'Phantom Of The Opera.wav' as it's not a positive integer
writeCommonTags: couldn't write 'year' tag to 'Smells Like Teen Spirit.wav' as it's not a positive integer
writeCommonTags: couldn't write 'year' tag to 'The Man Who Sold The World.wav' as it's not a positive integer
writeCommonTags: couldn't write 'year' tag to 'The Unforgiven.wav' as it's not a positive integer
writeCommonTags: couldn't write 'year' tag to 'Toxicity.wav' as it's not a positive integer
writeCommonTags: couldn't write 'year' tag to 'nirvana/About A Girl Remastered.wav' as it's not a positive integer
writeCommonTags: couldn't write 'track' tag to 'nirvana/About A Girl Remastered.wav' as it's not a positive integer
writeCommonTags: couldn't write 'year' tag to 'nirvana/Heart Shaped Box.wav' as it's not a positive integer
writeCommonTags: couldn't write 'track' tag to 'nirvana/Heart Shaped Box.wav' as it's not a positive integer
writeCommonTags: couldn't write 'year' tag to 'nirvana/Lake Of Fire.wav' as it's not a positive integer
writeCommonTags: couldn't write 'track' tag to 'nirvana/Lake Of Fire.wav' as it's not a positive integer
writeCommonTags: couldn't write 'year' tag to 'nirvana/Nirvana Dumb.wav' as it's not a positive integer
writeCommonTags: couldn't write 'track' tag to 'nirvana/Nirvana Dumb.wav' as it's not a positive integer
writeCommonTags: couldn't write 'year' tag to 'nirvana/Smells Like Teen Spirit.wav' as it's not a positive integer
writeCommonTags: couldn't write 'track' tag to 'nirvana/Smells Like Teen Spirit.wav' as it's not a positive integer
writeCommonTags: couldn't write 'year' tag to 'nirvana/The Man Who Sold The World.wav' as it's not a positive integer
writeCommonTags: couldn't write 'track' tag to 'nirvana/The Man Who Sold The World.wav' as it's not a positive integer
writeCommonTags: couldn't write 'year' tag to 'nirvana/About A Girl Remastered.wav' as it's not a positive integer
writeCommonTags: couldn't write 'year' tag to 'nirvana/Heart Shaped Box.wav' as it's not a positive integer
writeCommonTags: couldn't write 'year' tag to 'nirvana/Lake Of Fire.wav' as it's not a positive integer
writeCommonTags: couldn't write 'year' tag to 'nirvana/Nirvana Dumb.wav' as it's not a positive integer
writeCommonTags: couldn't write 'year' tag to 'nirvana/Smells Like Teen Spirit.wav' as it's not a positive integer
writeCommonTags: couldn't write 'year' tag to 'nirvana/The Man Who Sold The World.wav' as it's not a positive integer
writeCommonTags: couldn't write 'year' tag to 'nirvana/About A Girl Remastered.wav' as it's not a positive integer
writeCommonTags: couldn't write 'track' tag to 'nirvana/About A Girl Remastered.wav' as it's not a positive integer
writeCommonTags: couldn't write 'year' tag to 'nirvana/Heart Shaped Box.wav' as it's not a positive integer
writeCommonTags: couldn't write 'track' tag to 'nirvana/Heart Shaped Box.wav' as it's not a positive integer
writeCommonTags: couldn't write 'year' tag to 'nirvana/Lake Of Fire.wav' as it's not a positive integer
writeCommonTags: couldn't write 'track' tag to 'nirvana/Lake Of Fire.wav' as it's not a positive integer
writeCommonTags: couldn't write 'year' tag to 'nirvana/Nirvana Dumb.wav' as it's not a positive integer
writeCommonTags: couldn't write 'track' tag to 'nirvana/Nirvana Dumb.wav' as it's not a positive integer
writeCommonTags: couldn't write 'year' tag to 'nirvana/Smells Like Teen Spirit.wav' as it's not a positive integer
writeCommonTags: couldn't write 'track' tag to 'nirvana/Smells Like Teen Spirit.wav' as it's not a positive integer
writeCommonTags: couldn't write 'year' tag to 'nirvana/The Man Who Sold The World.wav' as it's not a positive integer
writeCommonTags: couldn't write 'track' tag to 'nirvana/The Man Who Sold The World.wav' as it's not a positive integer
writeCommonTags: couldn't write 'year' tag to 'various/Il_Ragazzo_Confuso.wav' as it's not a positive integer
writeCommonTags: couldn't write 'track' tag to 'various/Il_Ragazzo_Confuso.wav' as it's not a positive integer
writeCommonTags: couldn't write 'track' tag to 'various/In This Shirt.wav' as it's not a positive integer
