2023-11-22 09:24:21 Loading main app package /usr/lib/obsidian/obsidian.asar
2023-11-22 09:24:21 Checking for update using Github
2023-11-22 09:24:21 Success.
2023-11-22 09:24:21 Latest version is 1.4.16
2023-11-22 09:24:21 App is up to date.
2023-11-23 11:40:06 Loading main app package /usr/lib/obsidian/obsidian.asar
2023-11-23 11:40:06 Checking for update using Github
2023-11-23 11:40:06 Success.
2023-11-23 11:40:06 Latest version is 1.4.16
2023-11-23 11:40:06 App is up to date.
2024-01-24 21:45:10 Loading main app package /usr/lib/obsidian/obsidian.asar
2024-01-24 21:45:10 Checking for update using Github
2024-01-25 10:23:06 Loading main app package /usr/lib/obsidian/obsidian.asar
2024-01-25 10:23:10 Checking for update using Github
2024-01-25 10:23:10 Failed to check for update using Github (net::ERR_INTERNET_DISCONNECTED)
2024-01-25 10:23:10 Checking for update using obsidian.md
2024-01-25 10:23:10 Failed to check for update using obsidian.md (net::ERR_INTERNET_DISCONNECTED)
2024-01-25 11:21:43 Loading main app package /usr/lib/obsidian/obsidian.asar
2024-01-25 11:22:03 Loading main app package /usr/lib/obsidian/obsidian.asar
2024-01-25 11:22:03 Checking for update using Github
2024-01-25 11:22:03 Failed to check for update using Github (net::ERR_INTERNET_DISCONNECTED)
2024-01-25 11:22:03 Checking for update using obsidian.md
2024-01-25 11:22:03 Failed to check for update using obsidian.md (net::ERR_INTERNET_DISCONNECTED)
2024-01-29 09:44:21 Loading main app package /usr/lib/obsidian/obsidian.asar
2024-01-29 09:44:21 Checking for update using Github
2024-01-29 09:44:22 Success.
2024-01-29 09:44:22 Latest version is 1.5.3
2024-01-29 09:44:22 App is up to date.
2024-01-31 09:22:58 Loading main app package /usr/lib/obsidian/obsidian.asar
2024-01-31 09:22:59 Checking for update using Github
2024-01-31 09:22:59 Success.
2024-01-31 09:22:59 Latest version is 1.5.3
2024-01-31 09:22:59 App is up to date.
2024-02-01 10:12:04 Loading main app package /usr/lib/obsidian/obsidian.asar
2024-02-01 10:12:08 Checking for update using Github
2024-02-01 10:12:08 Success.
2024-02-01 10:12:08 Latest version is 1.5.3
2024-02-01 10:12:08 App is up to date.
2024-02-01 11:34:44 Checking for update using Github
2024-02-01 11:34:45 Success.
2024-02-01 11:34:45 Latest version is 1.5.3
2024-02-01 11:34:45 App is up to date.
2024-02-01 12:11:09 Loading main app package /usr/lib/obsidian/obsidian.asar
2024-02-01 12:11:13 Checking for update using Github
2024-02-01 12:11:15 Success.
2024-02-01 12:11:15 Latest version is 1.5.3
2024-02-01 12:11:15 App is up to date.
2024-02-02 11:32:30 Loading main app package /usr/lib/obsidian/obsidian.asar
2024-02-02 11:32:34 Checking for update using Github
2024-02-02 11:32:34 Success.
2024-02-02 11:32:34 Latest version is 1.5.3
2024-02-02 11:32:34 App is up to date.
2024-02-05 09:37:39 Loading main app package /usr/lib/obsidian/obsidian.asar
2024-02-05 09:37:43 Checking for update using Github
2024-02-05 09:37:43 Failed to check for update using Github (net::ERR_INTERNET_DISCONNECTED)
2024-02-05 09:37:43 Checking for update using obsidian.md
2024-02-05 09:37:43 Failed to check for update using obsidian.md (net::ERR_INTERNET_DISCONNECTED)
2024-02-07 16:35:36 Loading main app package /usr/lib/obsidian/obsidian.asar
2024-02-07 16:35:37 Checking for update using Github
2024-02-07 16:35:37 Success.
2024-02-07 16:35:37 Latest version is 1.5.3
2024-02-07 16:35:37 App is up to date.
