    OpenRGB v0.9
    Commit:  from 
    Launched: 20240124_013244
====================================================================================================

1003  |Info:    Saving detector settings
1003  |Info:    ------------------------------------------------------
1003  |Info:    |               Start device detection               |
1003  |Info:    ------------------------------------------------------
1004  |Info:    Initializing HID interfaces: Success
1007  |Info:    ------------------------------------------------------
1007  |Info:    |             Detecting I2C interfaces               |
1007  |Info:    ------------------------------------------------------
1007  |Info:    Registering I2C interface: /dev/i2c-3 Device 1022:790B Subsystem: 1043:1D42
1008  |Warning: [i2c_smbus_linux] Failed to read i2c device PCI device ID
1008  |Info:    Registering I2C interface: /dev/i2c-10 Device 0000:0000 Subsystem: 0000:0000
1008  |Info:    Registering I2C interface: /dev/i2c-19 Device 1002:1681 Subsystem: 1043:1DEC
1008  |Info:    Registering I2C interface: /dev/i2c-17 Device 1002:1681 Subsystem: 1043:1DEC
1008  |Warning: [i2c_smbus_linux] Failed to read i2c device PCI device ID
1008  |Info:    Registering I2C interface: /dev/i2c-25 Device 0000:0000 Subsystem: 0000:0000
1008  |Info:    Registering I2C interface: /dev/i2c-6 Device 1002:73EF Subsystem: 1043:1DEC
1008  |Info:    Registering I2C interface: /dev/i2c-13 Device 1002:1681 Subsystem: 1043:1DEC
1008  |Warning: [i2c_smbus_linux] Failed to read i2c device PCI device ID
1008  |Info:    Registering I2C interface: /dev/i2c-21 Device 0000:0000 Subsystem: 0000:0000
1008  |Info:    Registering I2C interface: /dev/i2c-2 Device 1022:790B Subsystem: 1043:1D42
1008  |Info:    Registering I2C interface: /dev/i2c-0 Device 0000:0000 Subsystem: 0000:0000
1008  |Info:    Registering I2C interface: /dev/i2c-18 Device 1002:1681 Subsystem: 1043:1DEC
1009  |Warning: [i2c_smbus_linux] Failed to read i2c device PCI device ID
1009  |Info:    Registering I2C interface: /dev/i2c-26 Device 0000:0000 Subsystem: 0000:0000
1009  |Info:    Registering I2C interface: /dev/i2c-7 Device 1002:73EF Subsystem: 1043:1DEC
1009  |Info:    Registering I2C interface: /dev/i2c-14 Device 1002:1681 Subsystem: 1043:1DEC
1009  |Warning: [i2c_smbus_linux] Failed to read i2c device PCI device ID
1009  |Info:    Registering I2C interface: /dev/i2c-22 Device 0000:0000 Subsystem: 0000:0000
1009  |Info:    ------------------------------------------------------
1009  |Info:    |               Detecting I2C devices                |
1009  |Info:    ------------------------------------------------------
1594  |Info:    ------------------------------------------------------
1594  |Info:    |               Detecting I2C PCI devices            |
1594  |Info:    ------------------------------------------------------
1595  |Info:    ------------------------------------------------------
1595  |Info:    |               Detecting HID devices                |
1595  |Info:    ------------------------------------------------------
1614  |Info:    [Asus Aura Core Laptop] Registering RGB controller
1615  |Info:    ------------------------------------------------------
1615  |Info:    |            Detecting libusb HID devices            |
1615  |Info:    ------------------------------------------------------
1669  |Info:    ------------------------------------------------------
1669  |Info:    |              Detecting other devices               |
1669  |Info:    ------------------------------------------------------
1676  |Info:    ------------------------------------------------------
1676  |Info:    |                Detection completed                 |
1676  |Info:    ------------------------------------------------------
1676  |Dialog:  <h2>WARNING:</h2><p>One or more I2C/SMBus interfaces failed to initialize.</p><p>RGB DRAM modules and some motherboards' onboard RGB lighting will not be available without I2C/SMBus.</p><p>On Linux, this is usually because the i2c-dev module is not loaded.  You must load the i2c-dev module along with the correct i2c driver for your motherboard.  This is usually i2c-piix4 for AMD systems and i2c-i801 for Intel systems.</p><p>See <a href='https://help.openrgb.org/'>help.openrgb.org</a> for additional troubleshooting steps if you keep seeing this message.<br></p>
