2024-01-30T18:14:55.033Z 0: 

----------------------------------------------
2024-01-30T18:14:55.044Z 1: Discord starting: {"releaseChannel":"stable","version":"0.0.42"}, modulepath: /home/comodino/.config/discord/0.0.42/modules
2024-01-30T18:14:55.047Z 2: ✅ webContents.created web1 ""
2024-01-30T18:14:55.050Z 3: ✅ window.created win1 "discord"
2024-01-30T18:14:58.960Z 4: ✅ webContents.did-finish-load web1
2024-01-30T18:15:04.768Z 5: ✅ webContents.created web2 ""
2024-01-30T18:15:04.772Z 6: ✅ window.created win2 "Discord"
2024-01-30T18:15:06.246Z 7: ✅ webContents.did-finish-load web2
2024-01-30T18:15:06.345Z 8: window.close win1
2024-01-30T18:15:06.350Z 9: webContents.destroyed web1
2024-01-30T18:15:06.351Z 10: window.closed win1
2024-01-30T21:08:27.632Z 11: window.close win2
2024-01-30T21:08:27.642Z 12: before-quit
2024-01-30T21:08:27.646Z 13: window.close win2
2024-01-30T23:05:26.597Z 0: 

----------------------------------------------
2024-01-30T23:05:26.612Z 1: Discord starting: {"releaseChannel":"stable","version":"0.0.42"}, modulepath: /home/comodino/.config/discord/0.0.42/modules
2024-01-30T23:05:26.615Z 2: ✅ webContents.created web1 ""
2024-01-30T23:05:26.616Z 3: ✅ window.created win1 "discord"
2024-01-30T23:05:27.954Z 4: ✅ webContents.did-finish-load web1
2024-01-30T23:05:28.334Z 5: ✅ webContents.created web2 ""
2024-01-30T23:05:28.337Z 6: ✅ window.created win2 "Discord"
2024-01-30T23:05:30.007Z 7: ✅ webContents.did-finish-load web2
2024-01-30T23:05:30.107Z 8: window.close win1
2024-01-30T23:05:30.111Z 9: webContents.destroyed web1
2024-01-30T23:05:30.112Z 10: window.closed win1
2024-01-30T23:06:20.776Z 11: ❌ webContents.nresponsive web2
2024-01-30T23:09:46.731Z 12: window.close win2
2024-01-30T23:09:46.768Z 13: before-quit
2024-01-30T23:09:46.769Z 14: window.close win2
2024-01-30T23:09:46.830Z 15: webContents.destroyed web2
2024-01-30T23:09:47.729Z 0: 

----------------------------------------------
2024-01-30T23:09:47.734Z 1: Discord starting: {"releaseChannel":"stable","version":"0.0.42"}, modulepath: /home/comodino/.config/discord/0.0.42/modules
2024-01-30T23:09:47.744Z 2: ✅ webContents.created web1 ""
2024-01-30T23:09:47.746Z 3: ✅ window.created win1 "discord"
2024-01-30T23:09:50.635Z 4: ✅ webContents.did-finish-load web1
2024-01-30T23:09:50.852Z 5: ✅ webContents.created web2 ""
2024-01-30T23:09:50.856Z 6: ✅ window.created win2 "Discord"
2024-01-30T23:09:52.503Z 7: ✅ webContents.did-finish-load web2
2024-01-30T23:09:52.603Z 8: window.close win1
2024-01-30T23:09:52.625Z 9: webContents.destroyed web1
2024-01-30T23:09:52.626Z 10: window.closed win1
2024-01-30T23:10:34.640Z 11: ✅ webContents.did-finish-load web2
2024-01-30T23:19:59.222Z 12: window.close win2
2024-01-30T23:19:59.233Z 13: before-quit
2024-01-30T23:19:59.234Z 14: window.close win2
2024-01-30T23:19:59.304Z 15: webContents.destroyed web2
2024-01-31T18:38:21.294Z 0: 

----------------------------------------------
2024-01-31T18:38:21.301Z 1: Discord starting: {"releaseChannel":"stable","version":"0.0.42"}, modulepath: /home/comodino/.config/discord/0.0.42/modules
2024-01-31T18:38:21.309Z 2: ✅ webContents.created web1 ""
2024-01-31T18:38:21.311Z 3: ✅ window.created win1 "discord"
2024-01-31T18:38:25.004Z 4: ✅ webContents.did-finish-load web1
2024-01-31T18:38:25.314Z 5: ✅ webContents.created web2 ""
2024-01-31T18:38:25.315Z 6: ✅ window.created win2 "Discord"
2024-01-31T18:38:27.198Z 7: ✅ webContents.did-finish-load web2
2024-01-31T18:38:27.298Z 8: window.close win1
2024-01-31T18:38:27.301Z 9: webContents.destroyed web1
2024-01-31T18:38:27.302Z 10: window.closed win1
2024-01-31T22:11:16.107Z 11: window.close win2
2024-01-31T22:11:16.108Z 12: before-quit
2024-01-31T22:11:16.109Z 13: window.close win2
2024-01-31T22:11:16.138Z 14: webContents.destroyed web2
2024-01-31T22:11:16.990Z 0: 

----------------------------------------------
2024-01-31T22:11:16.998Z 1: Discord starting: {"releaseChannel":"stable","version":"0.0.42"}, modulepath: /home/comodino/.config/discord/0.0.42/modules
2024-01-31T22:11:17.008Z 2: ✅ webContents.created web1 ""
2024-01-31T22:11:17.010Z 3: ✅ window.created win1 "discord"
2024-01-31T22:11:19.967Z 4: ✅ webContents.did-finish-load web1
2024-01-31T22:11:20.247Z 5: ✅ webContents.created web2 ""
2024-01-31T22:11:20.248Z 6: ✅ window.created win2 "Discord"
2024-01-31T22:11:22.035Z 7: ✅ webContents.did-finish-load web2
2024-01-31T22:11:22.134Z 8: window.close win1
2024-01-31T22:11:22.156Z 9: webContents.destroyed web1
2024-01-31T22:11:22.157Z 10: window.closed win1
2024-01-31T23:00:14.914Z 11: window.close win2
2024-01-31T23:00:14.915Z 12: before-quit
2024-01-31T23:00:14.916Z 13: window.close win2
2024-01-31T23:00:14.952Z 14: webContents.destroyed web2
2024-02-01T19:48:09.502Z 0: 

----------------------------------------------
2024-02-01T19:48:09.509Z 1: Discord starting: {"releaseChannel":"stable","version":"0.0.42"}, modulepath: /home/comodino/.config/discord/0.0.42/modules
2024-02-01T19:48:09.518Z 2: ✅ webContents.created web1 ""
2024-02-01T19:48:09.520Z 3: ✅ window.created win1 "discord"
2024-02-01T19:48:13.256Z 4: ✅ webContents.did-finish-load web1
2024-02-01T19:48:13.554Z 5: ✅ webContents.created web2 ""
2024-02-01T19:48:13.556Z 6: ✅ window.created win2 "Discord"
2024-02-01T19:48:15.418Z 7: ✅ webContents.did-finish-load web2
2024-02-01T19:48:15.517Z 8: window.close win1
2024-02-01T19:48:15.520Z 9: webContents.destroyed web1
2024-02-01T19:48:15.521Z 10: window.closed win1
2024-02-01T21:55:54.206Z 11: window.close win2
2024-02-01T21:55:54.207Z 12: before-quit
2024-02-01T21:55:54.208Z 13: window.close win2
2024-02-01T21:55:54.296Z 14: webContents.destroyed web2
2024-02-06T15:30:50.438Z 0: 

----------------------------------------------
2024-02-06T15:30:50.453Z 1: Discord starting: {"releaseChannel":"stable","version":"0.0.42"}, modulepath: /home/comodino/.config/discord/0.0.42/modules
2024-02-06T15:30:50.455Z 2: ✅ webContents.created web1 ""
2024-02-06T15:30:50.457Z 3: ✅ window.created win1 "discord"
2024-02-06T15:30:54.171Z 4: ✅ webContents.did-finish-load web1
2024-02-06T15:32:23.674Z 5: ✅ webContents.created web2 ""
2024-02-06T15:32:23.677Z 6: ✅ window.created win2 "Discord"
2024-02-06T15:32:28.730Z 7: ✅ webContents.did-finish-load web2
2024-02-06T15:32:28.829Z 8: window.close win1
2024-02-06T15:32:28.851Z 9: webContents.destroyed web1
2024-02-06T15:32:28.855Z 10: window.closed win1
2024-02-06T15:55:08.143Z 11: window.close win2
2024-02-06T15:55:08.155Z 12: before-quit
2024-02-06T15:55:08.156Z 13: window.close win2
2024-02-06T15:55:08.225Z 14: webContents.destroyed web2
2024-02-06T16:10:00.993Z 0: 

----------------------------------------------
2024-02-06T16:10:01.008Z 1: Discord starting: {"releaseChannel":"stable","version":"0.0.42"}, modulepath: /home/comodino/.config/discord/0.0.42/modules
2024-02-06T16:10:01.012Z 2: ✅ webContents.created web1 ""
2024-02-06T16:10:01.013Z 3: ✅ window.created win1 "discord"
2024-02-06T16:10:01.241Z 4: ✅ webContents.did-finish-load web1
2024-02-06T16:10:02.631Z 5: ✅ webContents.created web2 ""
2024-02-06T16:10:02.633Z 6: ✅ window.created win2 "Discord"
2024-02-06T16:10:04.468Z 7: ✅ webContents.did-finish-load web2
2024-02-06T16:10:04.556Z 8: window.close win1
2024-02-06T16:10:04.560Z 9: webContents.destroyed web1
2024-02-06T16:10:04.561Z 10: window.closed win1
2024-02-06T18:43:19.369Z 11: before-quit
